0 info it worked if it ends with ok
1 verbose cli [ 'node', '/usr/local/bin/npm', 'install' ]
2 info using npm@1.4.28
3 info using node@v0.10.33
4 verbose readDependencies using package.json deps
5 verbose install where, deps [ '/Users/kyleknott/practice/node/express-node',
5 verbose install   [ 'express',
5 verbose install     'body-parser',
5 verbose install     'cookie-parser',
5 verbose install     'morgan',
5 verbose install     'serve-favicon',
5 verbose install     'debug',
5 verbose install     'mongoose',
5 verbose install     'jade' ] ]
6 info preinstall express-node@0.0.0
7 verbose readDependencies using package.json deps
8 verbose already installed skipping morgan@~1.3.0 /Users/kyleknott/practice/node/express-node
9 verbose already installed skipping serve-favicon@~2.1.3 /Users/kyleknott/practice/node/express-node
10 verbose already installed skipping debug@~2.0.0 /Users/kyleknott/practice/node/express-node
11 verbose cache add [ 'mongoose@3.8.1', null ]
12 verbose cache add name=undefined spec="mongoose@3.8.1" args=["mongoose@3.8.1",null]
13 verbose parsed url { protocol: null,
13 verbose parsed url   slashes: null,
13 verbose parsed url   auth: null,
13 verbose parsed url   host: null,
13 verbose parsed url   port: null,
13 verbose parsed url   hostname: null,
13 verbose parsed url   hash: null,
13 verbose parsed url   search: null,
13 verbose parsed url   query: null,
13 verbose parsed url   pathname: 'mongoose@3.8.1',
13 verbose parsed url   path: 'mongoose@3.8.1',
13 verbose parsed url   href: 'mongoose@3.8.1' }
14 verbose already installed skipping jade@~1.6.0 /Users/kyleknott/practice/node/express-node
15 verbose cache add name="mongoose" spec="3.8.1" args=["mongoose","3.8.1"]
16 verbose parsed url { protocol: null,
16 verbose parsed url   slashes: null,
16 verbose parsed url   auth: null,
16 verbose parsed url   host: null,
16 verbose parsed url   port: null,
16 verbose parsed url   hostname: null,
16 verbose parsed url   hash: null,
16 verbose parsed url   search: null,
16 verbose parsed url   query: null,
16 verbose parsed url   pathname: '3.8.1',
16 verbose parsed url   path: '3.8.1',
16 verbose parsed url   href: '3.8.1' }
17 verbose addNamed [ 'mongoose', '3.8.1' ]
18 verbose addNamed [ '3.8.1', '3.8.1' ]
19 verbose already installed skipping express@~4.9.0 /Users/kyleknott/practice/node/express-node
20 silly lockFile 4fbee304-mongoose-3-8-1 mongoose@3.8.1
21 verbose lock mongoose@3.8.1 /Users/kyleknott/.npm/4fbee304-mongoose-3-8-1.lock
22 verbose already installed skipping body-parser@~1.8.1 /Users/kyleknott/practice/node/express-node
23 verbose already installed skipping cookie-parser@~1.3.3 /Users/kyleknott/practice/node/express-node
24 verbose request where is /mongoose
25 verbose request registry https://registry.npmjs.org/
26 verbose request id d22563605c89fe48
27 verbose url raw /mongoose
28 verbose url resolving [ 'https://registry.npmjs.org/', './mongoose' ]
29 verbose url resolved https://registry.npmjs.org/mongoose
30 verbose request where is https://registry.npmjs.org/mongoose
31 info trying registry request attempt 1 at 12:24:41
32 verbose etag "C9ZQQTQHVYEC1BXNY4IQXIL5T"
33 http GET https://registry.npmjs.org/mongoose
34 http 200 https://registry.npmjs.org/mongoose
35 silly registry.get cb [ 200,
35 silly registry.get   { date: 'Mon, 24 Nov 2014 20:24:43 GMT',
35 silly registry.get     server: 'CouchDB/1.5.0 (Erlang OTP/R16B03)',
35 silly registry.get     etag: '"4Y4OA0POU6G3TKEQ8MQ8JCCJ8"',
35 silly registry.get     'content-type': 'application/json',
35 silly registry.get     'cache-control': 'max-age=60',
35 silly registry.get     'content-length': '278840',
35 silly registry.get     'accept-ranges': 'bytes',
35 silly registry.get     via: '1.1 varnish',
35 silly registry.get     age: '38',
35 silly registry.get     'x-served-by': 'cache-lax1429-LAX',
35 silly registry.get     'x-cache': 'HIT',
35 silly registry.get     'x-cache-hits': '2',
35 silly registry.get     'x-timer': 'S1416860683.554194,VS0,VE0',
35 silly registry.get     vary: 'Accept',
35 silly registry.get     'keep-alive': 'timeout=10, max=50',
35 silly registry.get     connection: 'Keep-Alive' } ]
36 silly lockFile c4ae67ae--org-mongoose-mongoose-3-8-1-tgz https://registry.npmjs.org/mongoose/-/mongoose-3.8.1.tgz
37 verbose lock https://registry.npmjs.org/mongoose/-/mongoose-3.8.1.tgz /Users/kyleknott/.npm/c4ae67ae--org-mongoose-mongoose-3-8-1-tgz.lock
38 verbose addRemoteTarball [ 'https://registry.npmjs.org/mongoose/-/mongoose-3.8.1.tgz',
38 verbose addRemoteTarball   '1efe17d259ae2905330a3b2d91ba4085a090f6b8' ]
39 info retry fetch attempt 1 at 12:24:41
40 verbose fetch to= /var/folders/w8/vchrv8456y72m31dhjtgtvdc0000gn/T/npm-97242-aMtoXVkK/registry.npmjs.org/mongoose/-/mongoose-3.8.1.tgz
41 http GET https://registry.npmjs.org/mongoose/-/mongoose-3.8.1.tgz
42 http 200 https://registry.npmjs.org/mongoose/-/mongoose-3.8.1.tgz
43 silly lockFile c4ae67ae--org-mongoose-mongoose-3-8-1-tgz https://registry.npmjs.org/mongoose/-/mongoose-3.8.1.tgz
44 silly lockFile c4ae67ae--org-mongoose-mongoose-3-8-1-tgz https://registry.npmjs.org/mongoose/-/mongoose-3.8.1.tgz
45 silly lockFile 4fbee304-mongoose-3-8-1 mongoose@3.8.1
46 silly lockFile 4fbee304-mongoose-3-8-1 mongoose@3.8.1
47 error Error: EACCES, mkdir '/Users/kyleknott/.npm/mongoose/3.8.1'
47 error  { [Error: EACCES, mkdir '/Users/kyleknott/.npm/mongoose/3.8.1']
47 error   errno: 3,
47 error   code: 'EACCES',
47 error   path: '/Users/kyleknott/.npm/mongoose/3.8.1',
47 error   parent: 'express-node' }
48 error Please try running this command again as root/Administrator.
49 error System Darwin 13.4.0
50 error command "node" "/usr/local/bin/npm" "install"
51 error cwd /Users/kyleknott/practice/node/express-node
52 error node -v v0.10.33
53 error npm -v 1.4.28
54 error path /Users/kyleknott/.npm/mongoose/3.8.1
55 error code EACCES
56 error errno 3
57 error stack Error: EACCES, mkdir '/Users/kyleknott/.npm/mongoose/3.8.1'
58 verbose exit [ 3, true ]
